<?xml version="1.0" encoding="UTF-8"?>
<robot generator="Robot 6.1.1 (Python 3.11.4 on win32)" generated="20240417 10:56:25.024" rpa="false" schemaversion="4">
<suite id="s1" name="Testcase" source="C:\Users\Admin\PycharmProjects\pythonProject\Automation\Testcase">
<suite id="s1-s1" name="Multibrowsersswicthing" source="C:\Users\Admin\PycharmProjects\pythonProject\Automation\Testcase\multibrowsersswicthing.robot">
<test id="s1-s1-t1" name="multibrowserswitchinto" line="5">
<kw name="Open Browser" library="SeleniumLibrary">
<arg>https://www.google.com/</arg>
<arg>chrome</arg>
<doc>Opens a new browser instance to the optional ``url``.</doc>
<msg timestamp="20240417 10:56:26.418" level="INFO">Opening browser 'chrome' to base url 'https://www.google.com/'.</msg>
<status status="PASS" starttime="20240417 10:56:26.412" endtime="20240417 10:56:40.781"/>
</kw>
<kw name="Maximize Browser Window" library="SeleniumLibrary">
<doc>Maximizes current browser window.</doc>
<status status="PASS" starttime="20240417 10:56:40.781" endtime="20240417 10:56:41.394"/>
</kw>
<kw name="Sleep" library="BuiltIn">
<arg>5</arg>
<doc>Pauses the test executed for the given time.</doc>
<msg timestamp="20240417 10:56:46.407" level="INFO">Slept 5 seconds</msg>
<status status="PASS" starttime="20240417 10:56:41.394" endtime="20240417 10:56:46.414"/>
</kw>
<kw name="Open Browser" library="SeleniumLibrary">
<arg>https://www.microsoft.com/</arg>
<arg>chrome</arg>
<doc>Opens a new browser instance to the optional ``url``.</doc>
<msg timestamp="20240417 10:56:46.417" level="INFO">Opening browser 'chrome' to base url 'https://www.microsoft.com/'.</msg>
<status status="PASS" starttime="20240417 10:56:46.414" endtime="20240417 10:57:10.556"/>
</kw>
<kw name="Maximize Browser Window" library="SeleniumLibrary">
<doc>Maximizes current browser window.</doc>
<status status="PASS" starttime="20240417 10:57:10.557" endtime="20240417 10:57:11.234"/>
</kw>
<kw name="Sleep" library="BuiltIn">
<arg>5</arg>
<doc>Pauses the test executed for the given time.</doc>
<msg timestamp="20240417 10:57:16.254" level="INFO">Slept 5 seconds</msg>
<status status="PASS" starttime="20240417 10:57:11.234" endtime="20240417 10:57:16.262"/>
</kw>
<kw name="Switch Browser" library="SeleniumLibrary">
<arg>1</arg>
<doc>Switches between active browsers using ``index_or_alias``.</doc>
<status status="PASS" starttime="20240417 10:57:16.262" endtime="20240417 10:57:16.273"/>
</kw>
<kw name="Get Title" library="SeleniumLibrary">
<var>${title}</var>
<doc>Returns the title of the current page.</doc>
<msg timestamp="20240417 10:57:16.594" level="INFO">${title} = Google</msg>
<status status="PASS" starttime="20240417 10:57:16.273" endtime="20240417 10:57:16.594"/>
</kw>
<kw name="Log To Console" library="BuiltIn">
<arg>${title}</arg>
<doc>Logs the given message to the console.</doc>
<status status="PASS" starttime="20240417 10:57:16.597" endtime="20240417 10:57:16.598"/>
</kw>
<kw name="Sleep" library="BuiltIn">
<arg>5</arg>
<doc>Pauses the test executed for the given time.</doc>
<msg timestamp="20240417 10:57:21.602" level="INFO">Slept 5 seconds</msg>
<status status="PASS" starttime="20240417 10:57:16.601" endtime="20240417 10:57:21.602"/>
</kw>
<kw name="Switch Browser" library="SeleniumLibrary">
<arg>2</arg>
<doc>Switches between active browsers using ``index_or_alias``.</doc>
<status status="PASS" starttime="20240417 10:57:21.602" endtime="20240417 10:57:21.602"/>
</kw>
<kw name="Get Title" library="SeleniumLibrary">
<var>${title2}</var>
<doc>Returns the title of the current page.</doc>
<msg timestamp="20240417 10:57:21.668" level="INFO">${title2} = Microsoft – Cloud, Computers, Apps &amp; Gaming</msg>
<status status="PASS" starttime="20240417 10:57:21.605" endtime="20240417 10:57:21.668"/>
</kw>
<kw name="Log To Console" library="BuiltIn">
<arg>${title2}</arg>
<doc>Logs the given message to the console.</doc>
<status status="PASS" starttime="20240417 10:57:21.671" endtime="20240417 10:57:21.672"/>
</kw>
<kw name="Sleep" library="BuiltIn">
<arg>10</arg>
<doc>Pauses the test executed for the given time.</doc>
<msg timestamp="20240417 10:57:31.673" level="INFO">Slept 10 seconds</msg>
<status status="PASS" starttime="20240417 10:57:21.672" endtime="20240417 10:57:31.673"/>
</kw>
<kw name="Close All Browsers" library="SeleniumLibrary">
<doc>Closes all open browsers and resets the browser cache.</doc>
<status status="PASS" starttime="20240417 10:57:31.673" endtime="20240417 10:57:44.794"/>
</kw>
<status status="PASS" starttime="20240417 10:56:26.412" endtime="20240417 10:57:44.794"/>
</test>
<status status="PASS" starttime="20240417 10:56:25.130" endtime="20240417 10:57:44.795"/>
</suite>
<status status="PASS" starttime="20240417 10:56:25.036" endtime="20240417 10:57:44.801"/>
</suite>
<statistics>
<total>
<stat pass="1" fail="0" skip="0">All Tests</stat>
</total>
<tag>
</tag>
<suite>
<stat pass="1" fail="0" skip="0" id="s1" name="Testcase">Testcase</stat>
<stat pass="1" fail="0" skip="0" id="s1-s1" name="Multibrowsersswicthing">Testcase.Multibrowsersswicthing</stat>
</suite>
</statistics>
<errors>
<msg timestamp="20240417 10:56:25.032" level="ERROR">Taking listener 'RobotStackTracer' into use failed: Importing listener 'RobotStackTracer' failed: ModuleNotFoundError: No module named 'RobotStackTracer'
Traceback (most recent call last):
  None
PYTHONPATH:
  C:\Users\Admin\PycharmProjects\pythonProject\Automation\venv\Scripts\robot.exe
  C:\Users\Admin\AppData\Local\Programs\Python\Python311\python311.zip
  C:\Users\Admin\AppData\Local\Programs\Python\Python311\DLLs
  C:\Users\Admin\AppData\Local\Programs\Python\Python311\Lib
  C:\Users\Admin\AppData\Local\Programs\Python\Python311
  C:\Users\Admin\PycharmProjects\pythonProject\Automation\venv
  C:\Users\Admin\PycharmProjects\pythonProject\Automation\venv\Lib\site-packages</msg>
</errors>
</robot>
