<?xml version="1.0" encoding="UTF-8"?>
<robot generator="Robot 6.1.1 (Python 3.11.4 on win32)" generated="20240417 10:57:04.273" rpa="false" schemaversion="4">
<suite id="s1" name="Testcase" source="C:\Users\Admin\PycharmProjects\pythonProject\Automation\Testcase">
<suite id="s1-s1" name="Tc1" source="C:\Users\Admin\PycharmProjects\pythonProject\Automation\Testcase\tc1.robot">
<test id="s1-s1-t1" name="loginto" line="5">
<kw name="Open Browser" library="SeleniumLibrary">
<arg>https://demo.nopcommerce.com/</arg>
<arg>chrome</arg>
<doc>Opens a new browser instance to the optional ``url``.</doc>
<msg timestamp="20240417 10:57:06.369" level="INFO">Opening browser 'chrome' to base url 'https://demo.nopcommerce.com/'.</msg>
<status status="PASS" starttime="20240417 10:57:06.362" endtime="20240417 10:57:18.396"/>
</kw>
<kw name="Maximize Browser Window" library="SeleniumLibrary">
<doc>Maximizes current browser window.</doc>
<status status="PASS" starttime="20240417 10:57:18.399" endtime="20240417 10:57:30.665"/>
</kw>
<kw name="Set Selenium Speed" library="SeleniumLibrary">
<arg>3</arg>
<doc>Sets the delay that is waited after each Selenium command.</doc>
<status status="PASS" starttime="20240417 10:57:30.668" endtime="20240417 10:57:30.668"/>
</kw>
<kw name="Click Link" library="SeleniumLibrary">
<arg>xpath://a[@href='/login?returnUrl=%2F']</arg>
<doc>Clicks a link identified by ``locator``.</doc>
<msg timestamp="20240417 10:57:30.672" level="INFO">Clicking link 'xpath://a[@href='/login?returnUrl=%2F']'.</msg>
<status status="PASS" starttime="20240417 10:57:30.668" endtime="20240417 10:57:42.816"/>
</kw>
<kw name="Input Text" library="SeleniumLibrary">
<arg>id:Email</arg>
<arg>pavanoltraining@gmail.com</arg>
<doc>Types the given ``text`` into the text field identified by ``locator``.</doc>
<msg timestamp="20240417 10:57:42.818" level="INFO">Typing text 'pavanoltraining@gmail.com' into text field 'id:Email'.</msg>
<status status="PASS" starttime="20240417 10:57:42.818" endtime="20240417 10:57:53.968"/>
</kw>
<kw name="Input Text" library="SeleniumLibrary">
<arg>id:Password</arg>
<arg>Test@123</arg>
<doc>Types the given ``text`` into the text field identified by ``locator``.</doc>
<msg timestamp="20240417 10:57:53.968" level="INFO">Typing text 'Test@123' into text field 'id:Password'.</msg>
<status status="PASS" starttime="20240417 10:57:53.968" endtime="20240417 10:58:03.517"/>
</kw>
<kw name="Click Element" library="SeleniumLibrary">
<arg>xpath://button[@class='button-1 login-button']</arg>
<doc>Click the element identified by ``locator``.</doc>
<msg timestamp="20240417 10:58:03.519" level="INFO">Clicking element 'xpath://button[@class='button-1 login-button']'.</msg>
<status status="PASS" starttime="20240417 10:58:03.517" endtime="20240417 10:58:10.937"/>
</kw>
<status status="PASS" starttime="20240417 10:57:06.362" endtime="20240417 10:58:10.937"/>
</test>
<status status="PASS" starttime="20240417 10:57:04.362" endtime="20240417 10:58:10.938"/>
</suite>
<status status="PASS" starttime="20240417 10:57:04.283" endtime="20240417 10:58:10.939"/>
</suite>
<statistics>
<total>
<stat pass="1" fail="0" skip="0">All Tests</stat>
</total>
<tag>
</tag>
<suite>
<stat pass="1" fail="0" skip="0" id="s1" name="Testcase">Testcase</stat>
<stat pass="1" fail="0" skip="0" id="s1-s1" name="Tc1">Testcase.Tc1</stat>
</suite>
</statistics>
<errors>
<msg timestamp="20240417 10:57:04.278" level="ERROR">Taking listener 'RobotStackTracer' into use failed: Importing listener 'RobotStackTracer' failed: ModuleNotFoundError: No module named 'RobotStackTracer'
Traceback (most recent call last):
  None
PYTHONPATH:
  C:\Users\Admin\PycharmProjects\pythonProject\Automation\venv\Scripts\robot.exe
  C:\Users\Admin\AppData\Local\Programs\Python\Python311\python311.zip
  C:\Users\Admin\AppData\Local\Programs\Python\Python311\DLLs
  C:\Users\Admin\AppData\Local\Programs\Python\Python311\Lib
  C:\Users\Admin\AppData\Local\Programs\Python\Python311
  C:\Users\Admin\PycharmProjects\pythonProject\Automation\venv
  C:\Users\Admin\PycharmProjects\pythonProject\Automation\venv\Lib\site-packages</msg>
</errors>
</robot>
