<?xml version="1.0" encoding="UTF-8"?>
<robot generator="Robot 6.1.1 (Python 3.11.4 on win32)" generated="20240417 10:57:00.025" rpa="false" schemaversion="4">
<suite id="s1" name="Testcase" source="C:\Users\Admin\PycharmProjects\pythonProject\Automation\Testcase">
<suite id="s1-s1" name="Tabledemo" source="C:\Users\Admin\PycharmProjects\pythonProject\Automation\Testcase\tabledemo.robot">
<test id="s1-s1-t1" name="Tableinput" line="5">
<kw name="Open Browser" library="SeleniumLibrary">
<arg>https://testautomationpractice.blogspot.com/</arg>
<arg>chrome</arg>
<doc>Opens a new browser instance to the optional ``url``.</doc>
<msg timestamp="20240417 10:57:00.903" level="INFO">Opening browser 'chrome' to base url 'https://testautomationpractice.blogspot.com/'.</msg>
<status status="PASS" starttime="20240417 10:57:00.901" endtime="20240417 10:57:52.095"/>
</kw>
<kw name="Maximize Browser Window" library="SeleniumLibrary">
<doc>Maximizes current browser window.</doc>
<status status="PASS" starttime="20240417 10:57:52.098" endtime="20240417 10:57:52.492"/>
</kw>
<kw name="Get Element Count" library="SeleniumLibrary">
<var>${row}</var>
<arg>xpath://table[@name='BookTable']/tbody/tr</arg>
<doc>Returns the number of elements matching ``locator``.</doc>
<msg timestamp="20240417 10:57:52.555" level="INFO">${row} = 7</msg>
<status status="PASS" starttime="20240417 10:57:52.492" endtime="20240417 10:57:52.557"/>
</kw>
<kw name="Get Element Count" library="SeleniumLibrary">
<var>${coloumn}</var>
<arg>xpath://table[@name='BookTable']/tbody/tr/th</arg>
<doc>Returns the number of elements matching ``locator``.</doc>
<msg timestamp="20240417 10:57:52.611" level="INFO">${coloumn} = 4</msg>
<status status="PASS" starttime="20240417 10:57:52.557" endtime="20240417 10:57:52.611"/>
</kw>
<kw name="Set Selenium Speed" library="SeleniumLibrary">
<arg>2</arg>
<doc>Sets the delay that is waited after each Selenium command.</doc>
<status status="PASS" starttime="20240417 10:57:52.611" endtime="20240417 10:57:52.613"/>
</kw>
<kw name="Log To Console" library="BuiltIn">
<arg>${row}</arg>
<doc>Logs the given message to the console.</doc>
<status status="PASS" starttime="20240417 10:57:52.613" endtime="20240417 10:57:52.613"/>
</kw>
<kw name="Log To Console" library="BuiltIn">
<arg>${coloumn}</arg>
<doc>Logs the given message to the console.</doc>
<status status="PASS" starttime="20240417 10:57:52.613" endtime="20240417 10:57:52.613"/>
</kw>
<status status="PASS" starttime="20240417 10:57:00.898" endtime="20240417 10:57:52.613"/>
</test>
<status status="PASS" starttime="20240417 10:57:00.149" endtime="20240417 10:57:52.617"/>
</suite>
<status status="PASS" starttime="20240417 10:57:00.046" endtime="20240417 10:57:52.617"/>
</suite>
<statistics>
<total>
<stat pass="1" fail="0" skip="0">All Tests</stat>
</total>
<tag>
</tag>
<suite>
<stat pass="1" fail="0" skip="0" id="s1" name="Testcase">Testcase</stat>
<stat pass="1" fail="0" skip="0" id="s1-s1" name="Tabledemo">Testcase.Tabledemo</stat>
</suite>
</statistics>
<errors>
<msg timestamp="20240417 10:57:00.041" level="ERROR">Taking listener 'RobotStackTracer' into use failed: Importing listener 'RobotStackTracer' failed: ModuleNotFoundError: No module named 'RobotStackTracer'
Traceback (most recent call last):
  None
PYTHONPATH:
  C:\Users\Admin\PycharmProjects\pythonProject\Automation\venv\Scripts\robot.exe
  C:\Users\Admin\AppData\Local\Programs\Python\Python311\python311.zip
  C:\Users\Admin\AppData\Local\Programs\Python\Python311\DLLs
  C:\Users\Admin\AppData\Local\Programs\Python\Python311\Lib
  C:\Users\Admin\AppData\Local\Programs\Python\Python311
  C:\Users\Admin\PycharmProjects\pythonProject\Automation\venv
  C:\Users\Admin\PycharmProjects\pythonProject\Automation\venv\Lib\site-packages</msg>
</errors>
</robot>
