<?xml version="1.0" encoding="UTF-8"?>
<robot generator="Robot 6.1.1 (Python 3.11.4 on win32)" generated="20240417 10:57:38.244" rpa="false" schemaversion="4">
<suite id="s1" name="Testcase" source="C:\Users\Admin\PycharmProjects\pythonProject\Automation\Testcase">
<suite id="s1-s1" name="fileloopDemo" source="C:\Users\Admin\PycharmProjects\pythonProject\Automation\Testcase\fileloopDemo.robot">
<test id="s1-s1-t1" name="ForLoop3" line="15">
<kw name="Create List" library="BuiltIn">
<var>@{item}</var>
<arg>1 2 3 4 5 6 7</arg>
<doc>Returns a list containing given items.</doc>
<msg timestamp="20240417 10:57:38.425" level="INFO">@{item} = [ 1 2 3 4 5 6 7 ]</msg>
<status status="PASS" starttime="20240417 10:57:38.425" endtime="20240417 10:57:38.425"/>
</kw>
<for flavor="IN">
<var>${i}</var>
<value>@{item}</value>
<iter>
<var name="${i}">1 2 3 4 5 6 7</var>
<kw name="Log To Console" library="BuiltIn">
<arg>${i}</arg>
<doc>Logs the given message to the console.</doc>
<status status="PASS" starttime="20240417 10:57:38.427" endtime="20240417 10:57:38.427"/>
</kw>
<status status="PASS" starttime="20240417 10:57:38.427" endtime="20240417 10:57:38.427"/>
</iter>
<status status="PASS" starttime="20240417 10:57:38.427" endtime="20240417 10:57:38.427"/>
</for>
<status status="PASS" starttime="20240417 10:57:38.423" endtime="20240417 10:57:38.427"/>
</test>
<status status="PASS" starttime="20240417 10:57:38.399" endtime="20240417 10:57:38.440"/>
</suite>
<status status="PASS" starttime="20240417 10:57:38.284" endtime="20240417 10:57:38.444"/>
</suite>
<statistics>
<total>
<stat pass="1" fail="0" skip="0">All Tests</stat>
</total>
<tag>
</tag>
<suite>
<stat pass="1" fail="0" skip="0" id="s1" name="Testcase">Testcase</stat>
<stat pass="1" fail="0" skip="0" id="s1-s1" name="fileloopDemo">Testcase.fileloopDemo</stat>
</suite>
</statistics>
<errors>
<msg timestamp="20240417 10:57:38.273" level="ERROR">Taking listener 'RobotStackTracer' into use failed: Importing listener 'RobotStackTracer' failed: ModuleNotFoundError: No module named 'RobotStackTracer'
Traceback (most recent call last):
  None
PYTHONPATH:
  C:\Users\Admin\PycharmProjects\pythonProject\Automation\venv\Scripts\robot.exe
  C:\Users\Admin\AppData\Local\Programs\Python\Python311\python311.zip
  C:\Users\Admin\AppData\Local\Programs\Python\Python311\DLLs
  C:\Users\Admin\AppData\Local\Programs\Python\Python311\Lib
  C:\Users\Admin\AppData\Local\Programs\Python\Python311
  C:\Users\Admin\PycharmProjects\pythonProject\Automation\venv
  C:\Users\Admin\PycharmProjects\pythonProject\Automation\venv\Lib\site-packages</msg>
</errors>
</robot>
