<?xml version="1.0" encoding="UTF-8"?>
<robot generator="Robot 6.1.1 (Python 3.11.4 on win32)" generated="20240417 10:57:24.583" rpa="false" schemaversion="4">
<suite id="s1" name="Testcase" source="C:\Users\Admin\PycharmProjects\pythonProject\Automation\Testcase">
<suite id="s1-s1" name="Waittest" source="C:\Users\Admin\PycharmProjects\pythonProject\Automation\Testcase\waittest.robot">
<test id="s1-s1-t1" name="Regtest" line="9">
<kw name="Get Selenium Speed" library="SeleniumLibrary">
<var>${speed}</var>
<doc>Gets the delay that is waited after each Selenium command.</doc>
<msg timestamp="20240417 10:57:25.154" level="INFO">${speed} = 0 seconds</msg>
<status status="PASS" starttime="20240417 10:57:25.149" endtime="20240417 10:57:25.154"/>
</kw>
<kw name="Log To Console" library="BuiltIn">
<arg>${speed}</arg>
<doc>Logs the given message to the console.</doc>
<status status="PASS" starttime="20240417 10:57:25.154" endtime="20240417 10:57:25.154"/>
</kw>
<kw name="Open Browser" library="SeleniumLibrary">
<arg>${url}</arg>
<arg>${baseurl}</arg>
<doc>Opens a new browser instance to the optional ``url``.</doc>
<msg timestamp="20240417 10:57:25.154" level="INFO">Opening browser 'chrome' to base url 'https://demowebshop.tricentis.com/register'.</msg>
<status status="PASS" starttime="20240417 10:57:25.154" endtime="20240417 10:57:43.983"/>
</kw>
<kw name="Maximize Browser Window" library="SeleniumLibrary">
<doc>Maximizes current browser window.</doc>
<status status="PASS" starttime="20240417 10:57:43.983" endtime="20240417 10:57:44.172"/>
</kw>
<kw name="Get Selenium Implicit Wait" library="SeleniumLibrary">
<var>${text}</var>
<doc>Gets the implicit wait value used by Selenium.</doc>
<msg timestamp="20240417 10:57:44.172" level="INFO">${text} = 0 seconds</msg>
<status status="PASS" starttime="20240417 10:57:44.172" endtime="20240417 10:57:44.174"/>
</kw>
<kw name="Log To Console" library="BuiltIn">
<arg>${text}</arg>
<doc>Logs the given message to the console.</doc>
<status status="PASS" starttime="20240417 10:57:44.174" endtime="20240417 10:57:44.174"/>
</kw>
<kw name="Set Selenium Implicit Wait" library="SeleniumLibrary">
<arg>10</arg>
<doc>Sets the implicit wait value used by Selenium.</doc>
<status status="PASS" starttime="20240417 10:57:44.174" endtime="20240417 10:57:44.187"/>
</kw>
<kw name="Select Radio Button" library="SeleniumLibrary">
<arg>Gender</arg>
<arg>M</arg>
<doc>Sets the radio button group ``group_name`` to ``value``.</doc>
<msg timestamp="20240417 10:57:44.188" level="INFO">Selecting 'M' from radio button 'Gender'.</msg>
<status status="PASS" starttime="20240417 10:57:44.188" endtime="20240417 10:57:44.722"/>
</kw>
<kw name="Input Text" library="SeleniumLibrary">
<arg>id:FirstName</arg>
<arg>rakesh</arg>
<doc>Types the given ``text`` into the text field identified by ``locator``.</doc>
<msg timestamp="20240417 10:57:44.724" level="INFO">Typing text 'rakesh' into text field 'id:FirstName'.</msg>
<status status="PASS" starttime="20240417 10:57:44.722" endtime="20240417 10:57:46.985"/>
</kw>
<kw name="Input Text" library="SeleniumLibrary">
<arg>id:LastName</arg>
<arg>chandra</arg>
<doc>Types the given ``text`` into the text field identified by ``locator``.</doc>
<msg timestamp="20240417 10:57:46.986" level="INFO">Typing text 'chandra' into text field 'id:LastName'.</msg>
<status status="PASS" starttime="20240417 10:57:46.986" endtime="20240417 10:57:47.815"/>
</kw>
<kw name="Input Text" library="SeleniumLibrary">
<arg>id:Email</arg>
<arg>rakeshc75@gmail.com</arg>
<doc>Types the given ``text`` into the text field identified by ``locator``.</doc>
<msg timestamp="20240417 10:57:47.817" level="INFO">Typing text 'rakeshc75@gmail.com' into text field 'id:Email'.</msg>
<status status="PASS" starttime="20240417 10:57:47.815" endtime="20240417 10:57:48.900"/>
</kw>
<kw name="Input Text" library="SeleniumLibrary">
<arg>id:Password</arg>
<arg>7674828854@</arg>
<doc>Types the given ``text`` into the text field identified by ``locator``.</doc>
<msg timestamp="20240417 10:57:48.902" level="INFO">Typing text '7674828854@' into text field 'id:Password'.</msg>
<status status="PASS" starttime="20240417 10:57:48.900" endtime="20240417 10:57:49.494"/>
</kw>
<kw name="Input Text" library="SeleniumLibrary">
<arg>id:ConfirmPassword</arg>
<arg>7674828854@</arg>
<doc>Types the given ``text`` into the text field identified by ``locator``.</doc>
<msg timestamp="20240417 10:57:49.494" level="INFO">Typing text '7674828854@' into text field 'id:ConfirmPassword'.</msg>
<status status="PASS" starttime="20240417 10:57:49.494" endtime="20240417 10:57:50.702"/>
</kw>
<status status="PASS" starttime="20240417 10:57:25.149" endtime="20240417 10:57:50.706"/>
</test>
<status status="PASS" starttime="20240417 10:57:24.710" endtime="20240417 10:57:50.709"/>
</suite>
<status status="PASS" starttime="20240417 10:57:24.606" endtime="20240417 10:57:50.714"/>
</suite>
<statistics>
<total>
<stat pass="1" fail="0" skip="0">All Tests</stat>
</total>
<tag>
</tag>
<suite>
<stat pass="1" fail="0" skip="0" id="s1" name="Testcase">Testcase</stat>
<stat pass="1" fail="0" skip="0" id="s1-s1" name="Waittest">Testcase.Waittest</stat>
</suite>
</statistics>
<errors>
<msg timestamp="20240417 10:57:24.600" level="ERROR">Taking listener 'RobotStackTracer' into use failed: Importing listener 'RobotStackTracer' failed: ModuleNotFoundError: No module named 'RobotStackTracer'
Traceback (most recent call last):
  None
PYTHONPATH:
  C:\Users\Admin\PycharmProjects\pythonProject\Automation\venv\Scripts\robot.exe
  C:\Users\Admin\AppData\Local\Programs\Python\Python311\python311.zip
  C:\Users\Admin\AppData\Local\Programs\Python\Python311\DLLs
  C:\Users\Admin\AppData\Local\Programs\Python\Python311\Lib
  C:\Users\Admin\AppData\Local\Programs\Python\Python311
  C:\Users\Admin\PycharmProjects\pythonProject\Automation\venv
  C:\Users\Admin\PycharmProjects\pythonProject\Automation\venv\Lib\site-packages</msg>
</errors>
</robot>
