<?xml version="1.0" encoding="UTF-8"?>
<robot generator="Robot 6.1.1 (Python 3.11.4 on win32)" generated="20240417 10:57:40.888" rpa="false" schemaversion="4">
<suite id="s1" name="Testcase" source="C:\Users\Admin\PycharmProjects\pythonProject\Automation\Testcase">
<suite id="s1-s1" name="mouseActions" source="C:\Users\Admin\PycharmProjects\pythonProject\Automation\Testcase\mouseActions.robot">
<test id="s1-s1-t1" name="mouseactioninto" line="5">
<kw name="Open Browser" library="SeleniumLibrary">
<arg>https://demo.guru99.com/test/simple_context_menu.html</arg>
<arg>chrome</arg>
<doc>Opens a new browser instance to the optional ``url``.</doc>
<msg timestamp="20240417 10:57:41.578" level="INFO">Opening browser 'chrome' to base url 'https://demo.guru99.com/test/simple_context_menu.html'.</msg>
<status status="PASS" starttime="20240417 10:57:41.577" endtime="20240417 10:57:52.918"/>
</kw>
<kw name="Maximize Browser Window" library="SeleniumLibrary">
<doc>Maximizes current browser window.</doc>
<status status="PASS" starttime="20240417 10:57:52.920" endtime="20240417 10:58:08.032"/>
</kw>
<kw name="Open Context Menu" library="SeleniumLibrary">
<arg>xpath://span[@class='context-menu-one btn btn-neutral']</arg>
<doc>Opens the context menu on the element identified by ``locator``.</doc>
<status status="PASS" starttime="20240417 10:58:08.032" endtime="20240417 10:58:08.479"/>
</kw>
<kw name="Click Element" library="SeleniumLibrary">
<arg>xpath://li[@class='context-menu-item context-menu-icon context-menu-icon-quit']</arg>
<doc>Click the element identified by ``locator``.</doc>
<msg timestamp="20240417 10:58:08.480" level="INFO">Clicking element 'xpath://li[@class='context-menu-item context-menu-icon context-menu-icon-quit']'.</msg>
<status status="PASS" starttime="20240417 10:58:08.479" endtime="20240417 10:58:08.683"/>
</kw>
<kw name="Handle Alert" library="SeleniumLibrary">
<arg>accept</arg>
<doc>Handles the current alert and returns its message.</doc>
<msg timestamp="20240417 10:58:08.691" level="INFO">HANDLE::&lt;class 'NoneType'&gt;::None</msg>
<status status="PASS" starttime="20240417 10:58:08.691" endtime="20240417 10:58:08.700"/>
</kw>
<kw name="Sleep" library="BuiltIn">
<arg>5</arg>
<doc>Pauses the test executed for the given time.</doc>
<msg timestamp="20240417 10:58:13.701" level="INFO">Slept 5 seconds</msg>
<status status="PASS" starttime="20240417 10:58:08.700" endtime="20240417 10:58:13.701"/>
</kw>
<kw name="Double Click Element" library="SeleniumLibrary">
<arg>xpath://button[contains(text(),'Double-Click Me To See Alert')]</arg>
<doc>Double clicks the element identified by ``locator``.</doc>
<msg timestamp="20240417 10:58:13.702" level="INFO">Double clicking element 'xpath://button[contains(text(),'Double-Click Me To See Alert')]'.</msg>
<status status="PASS" starttime="20240417 10:58:13.701" endtime="20240417 10:58:14.155"/>
</kw>
<kw name="Sleep" library="BuiltIn">
<arg>5</arg>
<doc>Pauses the test executed for the given time.</doc>
<msg timestamp="20240417 10:58:19.157" level="INFO">Slept 5 seconds</msg>
<status status="PASS" starttime="20240417 10:58:14.156" endtime="20240417 10:58:19.157"/>
</kw>
<kw name="Handle Alert" library="SeleniumLibrary">
<arg>accept</arg>
<doc>Handles the current alert and returns its message.</doc>
<msg timestamp="20240417 10:58:19.158" level="INFO">HANDLE::&lt;class 'NoneType'&gt;::None</msg>
<status status="PASS" starttime="20240417 10:58:19.157" endtime="20240417 10:58:19.169"/>
</kw>
<status status="PASS" starttime="20240417 10:57:41.574" endtime="20240417 10:58:19.169"/>
</test>
<status status="PASS" starttime="20240417 10:57:40.937" endtime="20240417 10:58:19.173"/>
</suite>
<status status="PASS" starttime="20240417 10:57:40.893" endtime="20240417 10:58:19.177"/>
</suite>
<statistics>
<total>
<stat pass="1" fail="0" skip="0">All Tests</stat>
</total>
<tag>
</tag>
<suite>
<stat pass="1" fail="0" skip="0" id="s1" name="Testcase">Testcase</stat>
<stat pass="1" fail="0" skip="0" id="s1-s1" name="mouseActions">Testcase.mouseActions</stat>
</suite>
</statistics>
<errors>
<msg timestamp="20240417 10:57:40.893" level="ERROR">Taking listener 'RobotStackTracer' into use failed: Importing listener 'RobotStackTracer' failed: ModuleNotFoundError: No module named 'RobotStackTracer'
Traceback (most recent call last):
  None
PYTHONPATH:
  C:\Users\Admin\PycharmProjects\pythonProject\Automation\venv\Scripts\robot.exe
  C:\Users\Admin\AppData\Local\Programs\Python\Python311\python311.zip
  C:\Users\Admin\AppData\Local\Programs\Python\Python311\DLLs
  C:\Users\Admin\AppData\Local\Programs\Python\Python311\Lib
  C:\Users\Admin\AppData\Local\Programs\Python\Python311
  C:\Users\Admin\PycharmProjects\pythonProject\Automation\venv
  C:\Users\Admin\PycharmProjects\pythonProject\Automation\venv\Lib\site-packages</msg>
</errors>
</robot>
